[2023-08-15 10:24:53,523] : root: DEBUG: Dataset read from the notebooks folder
[2023-08-15 10:24:53,583] : root: INFO: Obtaining the data inside the initiate data transformation() completed
[2023-08-15 10:24:53,583] : root: INFO: Getting data transformer
[2023-08-15 10:24:53,584] : root: INFO: train_df: (936, 7), test_df: (402, 7)
[2023-08-15 10:24:53,595] : root: INFO: train_arr_fromobj: (936, 11), test_arr_fromobj: (402, 11)
[2023-08-15 10:24:53,596] : root: INFO: training arr after np.c_ is [[-1.50214428e+00 -3.85797342e-01 -4.78632819e-02 ...  0.00000000e+00
   0.00000000e+00  1.12723300e+04]
 [ 3.21288641e-01 -7.91407164e-01 -4.78632819e-02 ...  0.00000000e+00
   1.00000000e+00  7.62463000e+03]
 [ 1.81024570e-01  1.05817362e+00  7.97420339e-01 ...  1.00000000e+00
   0.00000000e+00  7.16201000e+03]
 ...
 [ 4.61552711e-01 -8.07631557e-01  1.64270396e+00 ...  0.00000000e+00
   0.00000000e+00  9.30189000e+03]
 [ 1.09274103e+00  3.28075944e-01 -4.78632819e-02 ...  1.00000000e+00
   0.00000000e+00  1.08074900e+04]
 [-1.69635607e-01 -1.42431449e-01 -8.93146903e-01 ...  0.00000000e+00
   1.00000000e+00  2.04206000e+04]]:
[2023-08-15 10:24:53,597] : root: INFO: testing arr after np.c_ is [[-1.43201224e+00  6.52563802e-01  7.97420339e-01 ...  0.00000000e+00
   1.00000000e+00  3.63975800e+04]
 [-3.80031713e-01 -4.83143699e-01 -8.93146903e-01 ...  1.00000000e+00
   0.00000000e+00  4.41516000e+03]
 [ 1.81024570e-01  4.09197909e-01 -4.78632819e-02 ...  0.00000000e+00
   0.00000000e+00  7.63942000e+03]
 ...
 [ 1.72392935e+00 -8.23855950e-01  7.97420339e-01 ...  0.00000000e+00
   1.00000000e+00  1.49884300e+04]
 [ 1.81024570e-01  8.63480909e-01  7.97420339e-01 ...  1.00000000e+00
   0.00000000e+00  7.16033000e+03]
 [-1.15148410e+00  7.33685766e-01 -4.78632819e-02 ...  0.00000000e+00
   1.00000000e+00  2.41696000e+03]]:
[2023-08-15 10:24:53,601] : root: INFO: Best model found
