[2023-08-15 10:24:39,358] : root: DEBUG: Dataset read from the notebooks folder
[2023-08-15 10:24:39,411] : root: INFO: Obtaining the data inside the initiate data transformation() completed
[2023-08-15 10:24:39,412] : root: INFO: Getting data transformer
[2023-08-15 10:24:39,415] : root: INFO: train_df: (936, 7), test_df: (402, 7)
[2023-08-15 10:24:39,433] : root: INFO: train_arr_fromobj: (936, 11), test_arr_fromobj: (402, 11)
[2023-08-15 10:24:39,433] : root: INFO: training arr after np.c_ is [[-1.53309730e+00 -4.09847148e-01 -8.98338720e-01 ...  0.00000000e+00
   0.00000000e+00  2.20083000e+03]
 [-3.36416335e-02  3.28248000e-01 -8.98338720e-01 ...  0.00000000e+00
   1.00000000e+00  5.64972000e+03]
 [ 8.94592826e-01  2.57462454e+00  3.25603402e+00 ...  1.00000000e+00
   0.00000000e+00  1.25925300e+04]
 ...
 [ 3.77610172e-02 -9.07259095e-01 -8.98338720e-01 ...  1.00000000e+00
   0.00000000e+00  5.41566000e+03]
 [-1.46169465e+00  7.61477760e-01 -8.98338720e-01 ...  0.00000000e+00
   0.00000000e+00  1.64643000e+03]
 [-4.62057538e-01 -1.96626518e+00 -6.74641727e-02 ...  0.00000000e+00
   1.00000000e+00  4.76602000e+03]]:
[2023-08-15 10:24:39,434] : root: INFO: testing arr after np.c_ is [[ 8.94592826e-01 -8.89362139e-02 -6.74641727e-02 ...  0.00000000e+00
   1.00000000e+00  9.72453000e+03]
 [ 5.37579572e-01 -2.17300587e-01 -6.74641727e-02 ...  1.00000000e+00
   0.00000000e+00  8.54769000e+03]
 [ 6.08982223e-01  1.57980064e+00  7.63410375e-01 ...  0.00000000e+00
   0.00000000e+00  4.57020200e+04]
 ...
 [ 1.10880078e+00  1.21075307e+00 -8.98338720e-01 ...  1.00000000e+00
   0.00000000e+00  1.02262800e+04]
 [ 1.75142463e+00  1.35516299e+00 -6.74641727e-02 ...  1.00000000e+00
   0.00000000e+00  1.44182800e+04]
 [ 1.60861933e+00 -9.23304642e-01 -8.98338720e-01 ...  0.00000000e+00
   1.00000000e+00  1.34511200e+04]]:
[2023-08-15 10:24:39,459] : root: INFO: Best model found
