[2023-08-15 09:54:56,607] : root: DEBUG: Dataset read from the notebooks folder
[2023-08-15 09:54:56,668] : root: INFO: Obtaining the data inside the initiate data transformation() completed
[2023-08-15 09:54:56,669] : root: INFO: Getting data transformer
[2023-08-15 09:54:56,671] : root: INFO: train_df: (936, 7), test_df: (402, 7)
[2023-08-15 09:54:56,702] : root: INFO: train_arr_fromobj: (936, 11), test_arr_fromobj: (402, 11)
[2023-08-15 09:54:56,703] : root: INFO: training arr after np.c_ is [[ 7.97152216e-01 -7.04206411e-01 -9.04002276e-01 ...  0.00000000e+00
   0.00000000e+00  8.82721000e+03]
 [-1.27108519e+00 -7.04206411e-01 -8.56791325e-02 ...  0.00000000e+00
   1.00000000e+00  2.59778000e+03]
 [-9.85811065e-01 -7.37076166e-01 -9.04002276e-01 ...  0.00000000e+00
   0.00000000e+00  2.72132000e+03]
 ...
 [ 8.68470747e-01  7.09193062e-01  7.32644011e-01 ...  0.00000000e+00
   0.00000000e+00  4.46412000e+04]
 [ 8.39669032e-02 -1.39447127e+00  7.32644011e-01 ...  1.00000000e+00
   0.00000000e+00  1.94442700e+04]
 [ 1.29638193e+00 -4.57683247e-01 -8.56791325e-02 ...  1.00000000e+00
   0.00000000e+00  1.15542200e+04]]:
[2023-08-15 09:54:56,706] : root: INFO: testing arr after np.c_ is [[-1.41372225e+00  7.91367450e-01 -9.04002276e-01 ...  0.00000000e+00
   0.00000000e+00  1.64643000e+03]
 [ 1.29638193e+00  1.33972346e-01 -9.04002276e-01 ...  0.00000000e+00
   0.00000000e+00  1.13532300e+04]
 [ 8.68470747e-01  1.03789061e+00 -9.04002276e-01 ...  0.00000000e+00
   1.00000000e+00  8.79859000e+03]
 ...
 [-1.34240372e+00 -3.09769349e-01 -9.04002276e-01 ...  0.00000000e+00
   0.00000000e+00  2.45721000e+03]
 [-9.14492534e-01 -5.89162268e-01 -9.04002276e-01 ...  1.00000000e+00
   0.00000000e+00  1.70433400e+04]
 [ 7.25833684e-01 -5.89162268e-01 -8.56791325e-02 ...  0.00000000e+00
   1.00000000e+00  2.61403600e+04]]:
[2023-08-15 09:54:56,706] : root: CRITICAL: the filepath Artifacts\preprocessor2.pkl
[2023-08-15 09:54:56,707] : root: CRITICAL: The dirpath is Artifacts
