[2023-08-15 10:25:03,461] : root: DEBUG: Dataset read from the notebooks folder
[2023-08-15 10:25:03,505] : root: INFO: Obtaining the data inside the initiate data transformation() completed
[2023-08-15 10:25:03,505] : root: INFO: Getting data transformer
[2023-08-15 10:25:03,506] : root: INFO: train_df: (936, 7), test_df: (402, 7)
[2023-08-15 10:25:03,521] : root: INFO: train_arr_fromobj: (936, 11), test_arr_fromobj: (402, 11)
[2023-08-15 10:25:03,522] : root: INFO: training arr after np.c_ is [[-5.57144566e-03 -7.57189363e-01 -7.94793746e-02 ...  0.00000000e+00
   0.00000000e+00  6.12357000e+03]
 [ 4.87727365e-01  7.71306988e-01 -9.24850904e-01 ...  0.00000000e+00
   0.00000000e+00  4.21116600e+04]
 [-4.98870256e-01 -4.94222249e-01 -7.94793746e-02 ...  0.00000000e+00
   0.00000000e+00  4.45440000e+03]
 ...
 [-1.48546788e+00 -1.32642467e-01 -7.94793746e-02 ...  1.00000000e+00
   0.00000000e+00  1.72035000e+03]
 [ 1.75621002e+00 -1.15164003e+00 -9.24850904e-01 ...  1.00000000e+00
   0.00000000e+00  2.69265100e+04]
 [-4.98870256e-01 -1.81948801e-01 -9.24850904e-01 ...  0.00000000e+00
   0.00000000e+00  4.35704000e+03]]:
[2023-08-15 10:25:03,523] : root: INFO: testing arr after np.c_ is [[ 3.46784848e-01 -1.81948801e-01  7.65892155e-01 ...  0.00000000e+00
   0.00000000e+00  3.21086600e+04]
 [-1.48546788e+00  1.56020833e+00 -9.24850904e-01 ...  0.00000000e+00
   0.00000000e+00  2.21760000e+03]
 [-4.98870256e-01 -4.44915915e-01  2.45663521e+00 ...  0.00000000e+00
   0.00000000e+00  2.14724800e+04]
 ...
 [ 1.19243995e+00  1.10001588e+00  7.65892155e-01 ...  1.00000000e+00
   0.00000000e+00  1.22655100e+04]
 [-1.48546788e+00  1.87248178e+00 -9.24850904e-01 ...  1.00000000e+00
   0.00000000e+00  3.87926900e+04]
 [-1.34452536e+00  1.01783866e+00  3.30200674e+00 ...  0.00000000e+00
   1.00000000e+00  4.83063000e+03]]:
